This file contains any messages produced by compilers while
running configure, to aid debugging if configure makes a mistake.

It was created by iftop configure 1.0pre4, which was
generated by GNU Autoconf 2.69.  Invocation command line was

  $ ./configure 

## --------- ##
## Platform. ##
## --------- ##

hostname = quic-test-0001
uname -m = x86_64
uname -r = 5.4.0-100-generic
uname -s = Linux
uname -v = #113-Ubuntu SMP Thu Feb 3 18:43:29 UTC 2022

/usr/bin/uname -p = x86_64
/bin/uname -X     = unknown

/bin/arch              = x86_64
/usr/bin/arch -k       = unknown
/usr/convex/getsysinfo = unknown
/usr/bin/hostinfo      = unknown
/bin/machine           = unknown
/usr/bin/oslevel       = unknown
/bin/universe          = unknown

PATH: /root/anaconda3/bin
PATH: /root/anaconda3/condabin
PATH: /usr/local/sbin
PATH: /usr/local/bin
PATH: /usr/sbin
PATH: /usr/bin
PATH: /sbin
PATH: /bin
PATH: /usr/games
PATH: /usr/local/games
PATH: /snap/bin


## ----------- ##
## Core tests. ##
## ----------- ##

configure:2470: checking build system type
configure:2484: result: x86_64-unknown-linux-gnu
configure:2504: checking host system type
configure:2517: result: x86_64-unknown-linux-gnu
configure:2537: checking target system type
configure:2550: result: x86_64-unknown-linux-gnu
configure:2596: checking for a BSD-compatible install
configure:2664: result: /usr/bin/install -c
configure:2675: checking whether build environment is sane
configure:2730: result: yes
configure:2879: checking for a thread-safe mkdir -p
configure:2918: result: /usr/bin/mkdir -p
configure:2925: checking for gawk
configure:2941: found /usr/bin/gawk
configure:2952: result: gawk
configure:2963: checking whether make sets $(MAKE)
configure:2985: result: yes
configure:3014: checking whether make supports nested variables
configure:3031: result: yes
configure:3206: checking for gcc
configure:3222: found /usr/bin/gcc
configure:3233: result: gcc
configure:3462: checking for C compiler version
configure:3471: gcc --version >&5
gcc (Ubuntu 9.3.0-17ubuntu1~20.04) 9.3.0
Copyright (C) 2019 Free Software Foundation, Inc.
This is free software; see the source for copying conditions.  There is NO
warranty; not even for MERCHANTABILITY or FITNESS FOR A PARTICULAR PURPOSE.

configure:3482: $? = 0
configure:3471: gcc -v >&5
Using built-in specs.
COLLECT_GCC=gcc
COLLECT_LTO_WRAPPER=/usr/lib/gcc/x86_64-linux-gnu/9/lto-wrapper
OFFLOAD_TARGET_NAMES=nvptx-none:hsa
OFFLOAD_TARGET_DEFAULT=1
Target: x86_64-linux-gnu
Configured with: ../src/configure -v --with-pkgversion='Ubuntu 9.3.0-17ubuntu1~20.04' --with-bugurl=file:///usr/share/doc/gcc-9/README.Bugs --enable-languages=c,ada,c++,go,brig,d,fortran,objc,obj-c++,gm2 --prefix=/usr --with-gcc-major-version-only --program-suffix=-9 --program-prefix=x86_64-linux-gnu- --enable-shared --enable-linker-build-id --libexecdir=/usr/lib --without-included-gettext --enable-threads=posix --libdir=/usr/lib --enable-nls --enable-clocale=gnu --enable-libstdcxx-debug --enable-libstdcxx-time=yes --with-default-libstdcxx-abi=new --enable-gnu-unique-object --disable-vtable-verify --enable-plugin --enable-default-pie --with-system-zlib --with-target-system-zlib=auto --enable-objc-gc=auto --enable-multiarch --disable-werror --with-arch-32=i686 --with-abi=m64 --with-multilib-list=m32,m64,mx32 --enable-multilib --with-tune=generic --enable-offload-targets=nvptx-none=/build/gcc-9-HskZEa/gcc-9-9.3.0/debian/tmp-nvptx/usr,hsa --without-cuda-driver --enable-checking=release --build=x86_64-linux-gnu --host=x86_64-linux-gnu --target=x86_64-linux-gnu
Thread model: posix
gcc version 9.3.0 (Ubuntu 9.3.0-17ubuntu1~20.04) 
configure:3482: $? = 0
configure:3471: gcc -V >&5
gcc: error: unrecognized command line option '-V'
gcc: fatal error: no input files
compilation terminated.
configure:3482: $? = 1
configure:3471: gcc -qversion >&5
gcc: error: unrecognized command line option '-qversion'; did you mean '--version'?
gcc: fatal error: no input files
compilation terminated.
configure:3482: $? = 1
configure:3502: checking whether the C compiler works
configure:3524: gcc    conftest.c  >&5
configure:3528: $? = 0
configure:3576: result: yes
configure:3579: checking for C compiler default output file name
configure:3581: result: a.out
configure:3587: checking for suffix of executables
configure:3594: gcc -o conftest    conftest.c  >&5
configure:3598: $? = 0
configure:3620: result: 
configure:3642: checking whether we are cross compiling
configure:3650: gcc -o conftest    conftest.c  >&5
configure:3654: $? = 0
configure:3661: ./conftest
configure:3665: $? = 0
configure:3653: result: no
configure:3658: checking for suffix of object files
configure:3680: gcc -c   conftest.c >&5
configure:3684: $? = 0
configure:3705: result: o
configure:3709: checking whether we are using the GNU C compiler
configure:3728: gcc -c   conftest.c >&5
configure:3728: $? = 0
configure:3737: result: yes
configure:3746: checking whether gcc accepts -g
configure:3766: gcc -c -g  conftest.c >&5
configure:3766: $? = 0
configure:3807: result: yes
configure:3824: checking for gcc option to accept ISO C89
configure:3887: gcc  -c -g -O2  conftest.c >&5
configure:3887: $? = 0
configure:3900: result: none needed
configure:3925: checking whether gcc understands -c and -o together
configure:3947: gcc -c conftest.c -o conftest2.o
configure:3950: $? = 0
configure:3947: gcc -c conftest.c -o conftest2.o
configure:3950: $? = 0
configure:3962: result: yes
configure:3982: checking whether make supports the include directive
configure:3997: make -f confmf.GNU && cat confinc.out
this is the am__doit target
configure:4000: $? = 0
configure:4019: result: yes (GNU style)
configure:4044: checking dependency style of gcc
configure:4155: result: gcc3
configure:4176: checking how to run the C preprocessor
configure:4207: gcc -E  conftest.c
configure:4207: $? = 0
configure:4221: gcc -E  conftest.c
conftest.c:11:10: fatal error: ac_nonexistent.h: No such file or directory
   11 | #include <ac_nonexistent.h>
      |          ^~~~~~~~~~~~~~~~~~
compilation terminated.
configure:4221: $? = 1
configure: failed program was:
| /* confdefs.h */
| #define PACKAGE_NAME "iftop"
| #define PACKAGE_TARNAME "iftop"
| #define PACKAGE_VERSION "1.0pre4"
| #define PACKAGE_STRING "iftop 1.0pre4"
| #define PACKAGE_BUGREPORT "pdw@ex-parrot.com"
| #define PACKAGE_URL "http://www.ex-parrot.com/pdw/iftop/"
| #define PACKAGE "iftop"
| #define VERSION "1.0pre4"
| /* end confdefs.h.  */
| #include <ac_nonexistent.h>
configure:4246: result: gcc -E
configure:4266: gcc -E  conftest.c
configure:4266: $? = 0
configure:4280: gcc -E  conftest.c
conftest.c:11:10: fatal error: ac_nonexistent.h: No such file or directory
   11 | #include <ac_nonexistent.h>
      |          ^~~~~~~~~~~~~~~~~~
compilation terminated.
configure:4280: $? = 1
configure: failed program was:
| /* confdefs.h */
| #define PACKAGE_NAME "iftop"
| #define PACKAGE_TARNAME "iftop"
| #define PACKAGE_VERSION "1.0pre4"
| #define PACKAGE_STRING "iftop 1.0pre4"
| #define PACKAGE_BUGREPORT "pdw@ex-parrot.com"
| #define PACKAGE_URL "http://www.ex-parrot.com/pdw/iftop/"
| #define PACKAGE "iftop"
| #define VERSION "1.0pre4"
| /* end confdefs.h.  */
| #include <ac_nonexistent.h>
configure:4309: checking for grep that handles long lines and -e
configure:4367: result: /usr/bin/grep
configure:4372: checking for egrep
configure:4434: result: /usr/bin/grep -E
configure:4439: checking for ANSI C header files
configure:4459: gcc -c -g -O2  conftest.c >&5
configure:4459: $? = 0
configure:4532: gcc -o conftest -g -O2   conftest.c  >&5
configure:4532: $? = 0
configure:4532: ./conftest
configure:4532: $? = 0
configure:4543: result: yes
configure:4577: checking for sys/types.h
configure:4577: gcc -c -g -O2  conftest.c >&5
configure:4577: $? = 0
configure:4577: result: yes
configure:4577: checking for sys/stat.h
configure:4577: gcc -c -g -O2  conftest.c >&5
configure:4577: $? = 0
configure:4577: result: yes
configure:4577: checking for stdlib.h
configure:4577: gcc -c -g -O2  conftest.c >&5
configure:4577: $? = 0
configure:4577: result: yes
configure:4577: checking for string.h
configure:4577: gcc -c -g -O2  conftest.c >&5
configure:4577: $? = 0
configure:4577: result: yes
configure:4577: checking for memory.h
configure:4577: gcc -c -g -O2  conftest.c >&5
configure:4577: $? = 0
configure:4577: result: yes
configure:4577: checking for strings.h
configure:4577: gcc -c -g -O2  conftest.c >&5
configure:4577: $? = 0
configure:4577: result: yes
configure:4577: checking for inttypes.h
configure:4577: gcc -c -g -O2  conftest.c >&5
configure:4577: $? = 0
configure:4577: result: yes
configure:4577: checking for stdint.h
configure:4577: gcc -c -g -O2  conftest.c >&5
configure:4577: $? = 0
configure:4577: result: yes
configure:4577: checking for unistd.h
configure:4577: gcc -c -g -O2  conftest.c >&5
configure:4577: $? = 0
configure:4577: result: yes
configure:4592: checking sgtty.h usability
configure:4592: gcc -c -g -O2  conftest.c >&5
configure:4592: $? = 0
configure:4592: result: yes
configure:4592: checking sgtty.h presence
configure:4592: gcc -E  conftest.c
configure:4592: $? = 0
configure:4592: result: yes
configure:4592: checking for sgtty.h
configure:4592: result: yes
configure:4592: checking sys/ioctl.h usability
configure:4592: gcc -c -g -O2  conftest.c >&5
configure:4592: $? = 0
configure:4592: result: yes
configure:4592: checking sys/ioctl.h presence
configure:4592: gcc -E  conftest.c
configure:4592: $? = 0
configure:4592: result: yes
configure:4592: checking for sys/ioctl.h
configure:4592: result: yes
configure:4592: checking sys/time.h usability
configure:4592: gcc -c -g -O2  conftest.c >&5
configure:4592: $? = 0
configure:4592: result: yes
configure:4592: checking sys/time.h presence
configure:4592: gcc -E  conftest.c
configure:4592: $? = 0
configure:4592: result: yes
configure:4592: checking for sys/time.h
configure:4592: result: yes
configure:4592: checking sys/sockio.h usability
configure:4592: gcc -c -g -O2  conftest.c >&5
conftest.c:57:10: fatal error: sys/sockio.h: No such file or directory
   57 | #include <sys/sockio.h>
      |          ^~~~~~~~~~~~~~
compilation terminated.
configure:4592: $? = 1
configure: failed program was:
| /* confdefs.h */
| #define PACKAGE_NAME "iftop"
| #define PACKAGE_TARNAME "iftop"
| #define PACKAGE_VERSION "1.0pre4"
| #define PACKAGE_STRING "iftop 1.0pre4"
| #define PACKAGE_BUGREPORT "pdw@ex-parrot.com"
| #define PACKAGE_URL "http://www.ex-parrot.com/pdw/iftop/"
| #define PACKAGE "iftop"
| #define VERSION "1.0pre4"
| #define STDC_HEADERS 1
| #define HAVE_SYS_TYPES_H 1
| #define HAVE_SYS_STAT_H 1
| #define HAVE_STDLIB_H 1
| #define HAVE_STRING_H 1
| #define HAVE_MEMORY_H 1
| #define HAVE_STRINGS_H 1
| #define HAVE_INTTYPES_H 1
| #define HAVE_STDINT_H 1
| #define HAVE_UNISTD_H 1
| #define HAVE_SGTTY_H 1
| #define HAVE_SYS_IOCTL_H 1
| #define HAVE_SYS_TIME_H 1
| /* end confdefs.h.  */
| #include <stdio.h>
| #ifdef HAVE_SYS_TYPES_H
| # include <sys/types.h>
| #endif
| #ifdef HAVE_SYS_STAT_H
| # include <sys/stat.h>
| #endif
| #ifdef STDC_HEADERS
| # include <stdlib.h>
| # include <stddef.h>
| #else
| # ifdef HAVE_STDLIB_H
| #  include <stdlib.h>
| # endif
| #endif
| #ifdef HAVE_STRING_H
| # if !defined STDC_HEADERS && defined HAVE_MEMORY_H
| #  include <memory.h>
| # endif
| # include <string.h>
| #endif
| #ifdef HAVE_STRINGS_H
| # include <strings.h>
| #endif
| #ifdef HAVE_INTTYPES_H
| # include <inttypes.h>
| #endif
| #ifdef HAVE_STDINT_H
| # include <stdint.h>
| #endif
| #ifdef HAVE_UNISTD_H
| # include <unistd.h>
| #endif
| #include <sys/sockio.h>
configure:4592: result: no
configure:4592: checking sys/sockio.h presence
configure:4592: gcc -E  conftest.c
conftest.c:24:10: fatal error: sys/sockio.h: No such file or directory
   24 | #include <sys/sockio.h>
      |          ^~~~~~~~~~~~~~
compilation terminated.
configure:4592: $? = 1
configure: failed program was:
| /* confdefs.h */
| #define PACKAGE_NAME "iftop"
| #define PACKAGE_TARNAME "iftop"
| #define PACKAGE_VERSION "1.0pre4"
| #define PACKAGE_STRING "iftop 1.0pre4"
| #define PACKAGE_BUGREPORT "pdw@ex-parrot.com"
| #define PACKAGE_URL "http://www.ex-parrot.com/pdw/iftop/"
| #define PACKAGE "iftop"
| #define VERSION "1.0pre4"
| #define STDC_HEADERS 1
| #define HAVE_SYS_TYPES_H 1
| #define HAVE_SYS_STAT_H 1
| #define HAVE_STDLIB_H 1
| #define HAVE_STRING_H 1
| #define HAVE_MEMORY_H 1
| #define HAVE_STRINGS_H 1
| #define HAVE_INTTYPES_H 1
| #define HAVE_STDINT_H 1
| #define HAVE_UNISTD_H 1
| #define HAVE_SGTTY_H 1
| #define HAVE_SYS_IOCTL_H 1
| #define HAVE_SYS_TIME_H 1
| /* end confdefs.h.  */
| #include <sys/sockio.h>
configure:4592: result: no
configure:4592: checking for sys/sockio.h
configure:4592: result: no
configure:4592: checking termio.h usability
configure:4592: gcc -c -g -O2  conftest.c >&5
configure:4592: $? = 0
configure:4592: result: yes
configure:4592: checking termio.h presence
configure:4592: gcc -E  conftest.c
configure:4592: $? = 0
configure:4592: result: yes
configure:4592: checking for termio.h
configure:4592: result: yes
configure:4592: checking termios.h usability
configure:4592: gcc -c -g -O2  conftest.c >&5
configure:4592: $? = 0
configure:4592: result: yes
configure:4592: checking termios.h presence
configure:4592: gcc -E  conftest.c
configure:4592: $? = 0
configure:4592: result: yes
configure:4592: checking for termios.h
configure:4592: result: yes
configure:4592: checking for unistd.h
configure:4592: result: yes
configure:4603: checking for an ANSI C-conforming const
configure:4669: gcc -c -g -O2  conftest.c >&5
configure:4669: $? = 0
configure:4676: result: yes
configure:4684: checking for size_t
configure:4684: gcc -c -g -O2  conftest.c >&5
configure:4684: $? = 0
configure:4684: gcc -c -g -O2  conftest.c >&5
conftest.c: In function 'main':
conftest.c:63:21: error: expected expression before ')' token
   63 | if (sizeof ((size_t)))
      |                     ^
configure:4684: $? = 1
configure: failed program was:
| /* confdefs.h */
| #define PACKAGE_NAME "iftop"
| #define PACKAGE_TARNAME "iftop"
| #define PACKAGE_VERSION "1.0pre4"
| #define PACKAGE_STRING "iftop 1.0pre4"
| #define PACKAGE_BUGREPORT "pdw@ex-parrot.com"
| #define PACKAGE_URL "http://www.ex-parrot.com/pdw/iftop/"
| #define PACKAGE "iftop"
| #define VERSION "1.0pre4"
| #define STDC_HEADERS 1
| #define HAVE_SYS_TYPES_H 1
| #define HAVE_SYS_STAT_H 1
| #define HAVE_STDLIB_H 1
| #define HAVE_STRING_H 1
| #define HAVE_MEMORY_H 1
| #define HAVE_STRINGS_H 1
| #define HAVE_INTTYPES_H 1
| #define HAVE_STDINT_H 1
| #define HAVE_UNISTD_H 1
| #define HAVE_SGTTY_H 1
| #define HAVE_SYS_IOCTL_H 1
| #define HAVE_SYS_TIME_H 1
| #define HAVE_TERMIO_H 1
| #define HAVE_TERMIOS_H 1
| #define HAVE_UNISTD_H 1
| /* end confdefs.h.  */
| #include <stdio.h>
| #ifdef HAVE_SYS_TYPES_H
| # include <sys/types.h>
| #endif
| #ifdef HAVE_SYS_STAT_H
| # include <sys/stat.h>
| #endif
| #ifdef STDC_HEADERS
| # include <stdlib.h>
| # include <stddef.h>
| #else
| # ifdef HAVE_STDLIB_H
| #  include <stdlib.h>
| # endif
| #endif
| #ifdef HAVE_STRING_H
| # if !defined STDC_HEADERS && defined HAVE_MEMORY_H
| #  include <memory.h>
| # endif
| # include <string.h>
| #endif
| #ifdef HAVE_STRINGS_H
| # include <strings.h>
| #endif
| #ifdef HAVE_INTTYPES_H
| # include <inttypes.h>
| #endif
| #ifdef HAVE_STDINT_H
| # include <stdint.h>
| #endif
| #ifdef HAVE_UNISTD_H
| # include <unistd.h>
| #endif
| int
| main ()
| {
| if (sizeof ((size_t)))
| 	    return 0;
|   ;
|   return 0;
| }
configure:4684: result: yes
configure:4695: checking whether time.h and sys/time.h may both be included
configure:4715: gcc -c -g -O2  conftest.c >&5
configure:4715: $? = 0
configure:4722: result: yes
configure:4732: checking sys/dlpi.h usability
configure:4732: gcc -c -g -O2  conftest.c >&5
conftest.c:61:10: fatal error: sys/dlpi.h: No such file or directory
   61 | #include <sys/dlpi.h>
      |          ^~~~~~~~~~~~
compilation terminated.
configure:4732: $? = 1
configure: failed program was:
| /* confdefs.h */
| #define PACKAGE_NAME "iftop"
| #define PACKAGE_TARNAME "iftop"
| #define PACKAGE_VERSION "1.0pre4"
| #define PACKAGE_STRING "iftop 1.0pre4"
| #define PACKAGE_BUGREPORT "pdw@ex-parrot.com"
| #define PACKAGE_URL "http://www.ex-parrot.com/pdw/iftop/"
| #define PACKAGE "iftop"
| #define VERSION "1.0pre4"
| #define STDC_HEADERS 1
| #define HAVE_SYS_TYPES_H 1
| #define HAVE_SYS_STAT_H 1
| #define HAVE_STDLIB_H 1
| #define HAVE_STRING_H 1
| #define HAVE_MEMORY_H 1
| #define HAVE_STRINGS_H 1
| #define HAVE_INTTYPES_H 1
| #define HAVE_STDINT_H 1
| #define HAVE_UNISTD_H 1
| #define HAVE_SGTTY_H 1
| #define HAVE_SYS_IOCTL_H 1
| #define HAVE_SYS_TIME_H 1
| #define HAVE_TERMIO_H 1
| #define HAVE_TERMIOS_H 1
| #define HAVE_UNISTD_H 1
| #define TIME_WITH_SYS_TIME 1
| /* end confdefs.h.  */
| #include <stdio.h>
| #ifdef HAVE_SYS_TYPES_H
| # include <sys/types.h>
| #endif
| #ifdef HAVE_SYS_STAT_H
| # include <sys/stat.h>
| #endif
| #ifdef STDC_HEADERS
| # include <stdlib.h>
| # include <stddef.h>
| #else
| # ifdef HAVE_STDLIB_H
| #  include <stdlib.h>
| # endif
| #endif
| #ifdef HAVE_STRING_H
| # if !defined STDC_HEADERS && defined HAVE_MEMORY_H
| #  include <memory.h>
| # endif
| # include <string.h>
| #endif
| #ifdef HAVE_STRINGS_H
| # include <strings.h>
| #endif
| #ifdef HAVE_INTTYPES_H
| # include <inttypes.h>
| #endif
| #ifdef HAVE_STDINT_H
| # include <stdint.h>
| #endif
| #ifdef HAVE_UNISTD_H
| # include <unistd.h>
| #endif
| #include <sys/dlpi.h>
configure:4732: result: no
configure:4732: checking sys/dlpi.h presence
configure:4732: gcc -E  conftest.c
conftest.c:28:10: fatal error: sys/dlpi.h: No such file or directory
   28 | #include <sys/dlpi.h>
      |          ^~~~~~~~~~~~
compilation terminated.
configure:4732: $? = 1
configure: failed program was:
| /* confdefs.h */
| #define PACKAGE_NAME "iftop"
| #define PACKAGE_TARNAME "iftop"
| #define PACKAGE_VERSION "1.0pre4"
| #define PACKAGE_STRING "iftop 1.0pre4"
| #define PACKAGE_BUGREPORT "pdw@ex-parrot.com"
| #define PACKAGE_URL "http://www.ex-parrot.com/pdw/iftop/"
| #define PACKAGE "iftop"
| #define VERSION "1.0pre4"
| #define STDC_HEADERS 1
| #define HAVE_SYS_TYPES_H 1
| #define HAVE_SYS_STAT_H 1
| #define HAVE_STDLIB_H 1
| #define HAVE_STRING_H 1
| #define HAVE_MEMORY_H 1
| #define HAVE_STRINGS_H 1
| #define HAVE_INTTYPES_H 1
| #define HAVE_STDINT_H 1
| #define HAVE_UNISTD_H 1
| #define HAVE_SGTTY_H 1
| #define HAVE_SYS_IOCTL_H 1
| #define HAVE_SYS_TIME_H 1
| #define HAVE_TERMIO_H 1
| #define HAVE_TERMIOS_H 1
| #define HAVE_UNISTD_H 1
| #define TIME_WITH_SYS_TIME 1
| /* end confdefs.h.  */
| #include <sys/dlpi.h>
configure:4732: result: no
configure:4732: checking for sys/dlpi.h
configure:4732: result: no
configure:4744: checking for regcomp
configure:4744: gcc -o conftest -g -O2   conftest.c  >&5
configure:4744: $? = 0
configure:4744: result: yes
configure:4744: checking for select
configure:4744: gcc -o conftest -g -O2   conftest.c  >&5
configure:4744: $? = 0
configure:4744: result: yes
configure:4744: checking for strdup
configure:4744: gcc -o conftest -g -O2   conftest.c  >&5
conftest.c:53:6: warning: conflicting types for built-in function 'strdup'; expected 'char *(const char *)' [-Wbuiltin-declaration-mismatch]
   53 | char strdup ();
      |      ^~~~~~
configure:4744: $? = 0
configure:4744: result: yes
configure:4744: checking for strerror
configure:4744: gcc -o conftest -g -O2   conftest.c  >&5
configure:4744: $? = 0
configure:4744: result: yes
configure:4744: checking for strspn
configure:4744: gcc -o conftest -g -O2   conftest.c  >&5
conftest.c:55:6: warning: conflicting types for built-in function 'strspn'; expected 'long unsigned int(const char *, const char *)' [-Wbuiltin-declaration-mismatch]
   55 | char strspn ();
      |      ^~~~~~
conftest.c:43:1: note: 'strspn' is declared in header '<string.h>'
   42 | # include <limits.h>
   43 | #else
configure:4744: $? = 0
configure:4744: result: yes
configure:4754: checking for library containing socket
configure:4785: gcc -o conftest -g -O2   conftest.c  >&5
configure:4785: $? = 0
configure:4802: result: none required
configure:4810: checking for library containing log
configure:4841: gcc -o conftest -g -O2   conftest.c  >&5
conftest.c:40:6: warning: conflicting types for built-in function 'log'; expected 'double(double)' [-Wbuiltin-declaration-mismatch]
   40 | char log ();
      |      ^~~
conftest.c:1:1: note: 'log' is declared in header '<math.h>'
    1 | /* confdefs.h */
/usr/bin/ld: /tmp/ccwkAXMx.o: in function `main':
/root/iftop-1.0pre4/conftest.c:44: undefined reference to `log'
collect2: error: ld returned 1 exit status
configure:4841: $? = 1
configure: failed program was:
| /* confdefs.h */
| #define PACKAGE_NAME "iftop"
| #define PACKAGE_TARNAME "iftop"
| #define PACKAGE_VERSION "1.0pre4"
| #define PACKAGE_STRING "iftop 1.0pre4"
| #define PACKAGE_BUGREPORT "pdw@ex-parrot.com"
| #define PACKAGE_URL "http://www.ex-parrot.com/pdw/iftop/"
| #define PACKAGE "iftop"
| #define VERSION "1.0pre4"
| #define STDC_HEADERS 1
| #define HAVE_SYS_TYPES_H 1
| #define HAVE_SYS_STAT_H 1
| #define HAVE_STDLIB_H 1
| #define HAVE_STRING_H 1
| #define HAVE_MEMORY_H 1
| #define HAVE_STRINGS_H 1
| #define HAVE_INTTYPES_H 1
| #define HAVE_STDINT_H 1
| #define HAVE_UNISTD_H 1
| #define HAVE_SGTTY_H 1
| #define HAVE_SYS_IOCTL_H 1
| #define HAVE_SYS_TIME_H 1
| #define HAVE_TERMIO_H 1
| #define HAVE_TERMIOS_H 1
| #define HAVE_UNISTD_H 1
| #define TIME_WITH_SYS_TIME 1
| #define HAVE_REGCOMP 1
| #define HAVE_SELECT 1
| #define HAVE_STRDUP 1
| #define HAVE_STRERROR 1
| #define HAVE_STRSPN 1
| /* end confdefs.h.  */
| 
| /* Override any GCC internal prototype to avoid an error.
|    Use char because int might match the return type of a GCC
|    builtin and then its argument prototype would still apply.  */
| #ifdef __cplusplus
| extern "C"
| #endif
| char log ();
| int
| main ()
| {
| return log ();
|   ;
|   return 0;
| }
configure:4841: gcc -o conftest -g -O2   conftest.c -lm   >&5
conftest.c:40:6: warning: conflicting types for built-in function 'log'; expected 'double(double)' [-Wbuiltin-declaration-mismatch]
   40 | char log ();
      |      ^~~
conftest.c:1:1: note: 'log' is declared in header '<math.h>'
    1 | /* confdefs.h */
configure:4841: $? = 0
configure:4858: result: -lm
configure:4866: checking for gethostbyname
configure:4866: gcc -o conftest -g -O2   conftest.c -lm  >&5
configure:4866: $? = 0
configure:4866: result: yes
configure:4918: checking for library containing inet_aton
configure:4949: gcc -o conftest -g -O2   conftest.c -lm  >&5
configure:4949: $? = 0
configure:4966: result: none required
configure:4974: checking for library containing inet_pton
configure:5005: gcc -o conftest -g -O2   conftest.c -lm  >&5
configure:5005: $? = 0
configure:5022: result: none required
configure:5033: checking for inet_aton
configure:5033: gcc -o conftest -g -O2   conftest.c -lm  >&5
configure:5033: $? = 0
configure:5033: result: yes
configure:5033: checking for inet_pton
configure:5033: gcc -o conftest -g -O2   conftest.c -lm  >&5
configure:5033: $? = 0
configure:5033: result: yes
configure:5045: checking size of u_int8_t
configure:5068: gcc -o conftest -g -O2   conftest.c -lm  >&5
conftest.c: In function 'main':
conftest.c:41:13: warning: implicit declaration of function 'exit' [-Wimplicit-function-declaration]
   41 |     if (!f) exit(1);
      |             ^~~~
conftest.c:41:13: warning: incompatible implicit declaration of built-in function 'exit'
conftest.c:38:1: note: include '<stdlib.h>' or provide a declaration of 'exit'
   37 | #include <stdio.h>
  +++ |+#include <stdlib.h>
   38 | int main() {
conftest.c:42:31: error: 'X' undeclared (first use in this function)
   42 |     fprintf(f, "%d\n", sizeof(X));
      |                               ^
conftest.c:42:31: note: each undeclared identifier is reported only once for each function it appears in
conftest.c:43:5: warning: incompatible implicit declaration of built-in function 'exit'
   43 |     exit(0);
      |     ^~~~
conftest.c:43:5: note: include '<stdlib.h>' or provide a declaration of 'exit'
configure:5068: $? = 1
configure: program exited with status 1
configure: failed program was:
| /* confdefs.h */
| #define PACKAGE_NAME "iftop"
| #define PACKAGE_TARNAME "iftop"
| #define PACKAGE_VERSION "1.0pre4"
| #define PACKAGE_STRING "iftop 1.0pre4"
| #define PACKAGE_BUGREPORT "pdw@ex-parrot.com"
| #define PACKAGE_URL "http://www.ex-parrot.com/pdw/iftop/"
| #define PACKAGE "iftop"
| #define VERSION "1.0pre4"
| #define STDC_HEADERS 1
| #define HAVE_SYS_TYPES_H 1
| #define HAVE_SYS_STAT_H 1
| #define HAVE_STDLIB_H 1
| #define HAVE_STRING_H 1
| #define HAVE_MEMORY_H 1
| #define HAVE_STRINGS_H 1
| #define HAVE_INTTYPES_H 1
| #define HAVE_STDINT_H 1
| #define HAVE_UNISTD_H 1
| #define HAVE_SGTTY_H 1
| #define HAVE_SYS_IOCTL_H 1
| #define HAVE_SYS_TIME_H 1
| #define HAVE_TERMIO_H 1
| #define HAVE_TERMIOS_H 1
| #define HAVE_UNISTD_H 1
| #define TIME_WITH_SYS_TIME 1
| #define HAVE_REGCOMP 1
| #define HAVE_SELECT 1
| #define HAVE_STRDUP 1
| #define HAVE_STRERROR 1
| #define HAVE_STRSPN 1
| #define HAVE_INET_ATON 1
| #define HAVE_INET_PTON 1
| /* end confdefs.h.  */
| 
| #include <sys/types.h>
| #include <stdio.h>
| int main() {
|     u_int8_t dummy;
|     FILE *f=fopen("conftestval", "w");
|     if (!f) exit(1);
|     fprintf(f, "%d\n", sizeof(X));
|     exit(0);
| }
| 
configure:5078: result: unknown type
configure:5045: checking size of u_int16_t
configure:5068: gcc -o conftest -g -O2   conftest.c -lm  >&5
conftest.c: In function 'main':
conftest.c:41:13: warning: implicit declaration of function 'exit' [-Wimplicit-function-declaration]
   41 |     if (!f) exit(1);
      |             ^~~~
conftest.c:41:13: warning: incompatible implicit declaration of built-in function 'exit'
conftest.c:38:1: note: include '<stdlib.h>' or provide a declaration of 'exit'
   37 | #include <stdio.h>
  +++ |+#include <stdlib.h>
   38 | int main() {
conftest.c:42:31: error: 'X' undeclared (first use in this function)
   42 |     fprintf(f, "%d\n", sizeof(X));
      |                               ^
conftest.c:42:31: note: each undeclared identifier is reported only once for each function it appears in
conftest.c:43:5: warning: incompatible implicit declaration of built-in function 'exit'
   43 |     exit(0);
      |     ^~~~
conftest.c:43:5: note: include '<stdlib.h>' or provide a declaration of 'exit'
configure:5068: $? = 1
configure: program exited with status 1
configure: failed program was:
| /* confdefs.h */
| #define PACKAGE_NAME "iftop"
| #define PACKAGE_TARNAME "iftop"
| #define PACKAGE_VERSION "1.0pre4"
| #define PACKAGE_STRING "iftop 1.0pre4"
| #define PACKAGE_BUGREPORT "pdw@ex-parrot.com"
| #define PACKAGE_URL "http://www.ex-parrot.com/pdw/iftop/"
| #define PACKAGE "iftop"
| #define VERSION "1.0pre4"
| #define STDC_HEADERS 1
| #define HAVE_SYS_TYPES_H 1
| #define HAVE_SYS_STAT_H 1
| #define HAVE_STDLIB_H 1
| #define HAVE_STRING_H 1
| #define HAVE_MEMORY_H 1
| #define HAVE_STRINGS_H 1
| #define HAVE_INTTYPES_H 1
| #define HAVE_STDINT_H 1
| #define HAVE_UNISTD_H 1
| #define HAVE_SGTTY_H 1
| #define HAVE_SYS_IOCTL_H 1
| #define HAVE_SYS_TIME_H 1
| #define HAVE_TERMIO_H 1
| #define HAVE_TERMIOS_H 1
| #define HAVE_UNISTD_H 1
| #define TIME_WITH_SYS_TIME 1
| #define HAVE_REGCOMP 1
| #define HAVE_SELECT 1
| #define HAVE_STRDUP 1
| #define HAVE_STRERROR 1
| #define HAVE_STRSPN 1
| #define HAVE_INET_ATON 1
| #define HAVE_INET_PTON 1
| /* end confdefs.h.  */
| 
| #include <sys/types.h>
| #include <stdio.h>
| int main() {
|     u_int16_t dummy;
|     FILE *f=fopen("conftestval", "w");
|     if (!f) exit(1);
|     fprintf(f, "%d\n", sizeof(X));
|     exit(0);
| }
| 
configure:5078: result: unknown type
configure:5045: checking size of u_int32_t
configure:5068: gcc -o conftest -g -O2   conftest.c -lm  >&5
conftest.c: In function 'main':
conftest.c:41:13: warning: implicit declaration of function 'exit' [-Wimplicit-function-declaration]
   41 |     if (!f) exit(1);
      |             ^~~~
conftest.c:41:13: warning: incompatible implicit declaration of built-in function 'exit'
conftest.c:38:1: note: include '<stdlib.h>' or provide a declaration of 'exit'
   37 | #include <stdio.h>
  +++ |+#include <stdlib.h>
   38 | int main() {
conftest.c:42:31: error: 'X' undeclared (first use in this function)
   42 |     fprintf(f, "%d\n", sizeof(X));
      |                               ^
conftest.c:42:31: note: each undeclared identifier is reported only once for each function it appears in
conftest.c:43:5: warning: incompatible implicit declaration of built-in function 'exit'
   43 |     exit(0);
      |     ^~~~
conftest.c:43:5: note: include '<stdlib.h>' or provide a declaration of 'exit'
configure:5068: $? = 1
configure: program exited with status 1
configure: failed program was:
| /* confdefs.h */
| #define PACKAGE_NAME "iftop"
| #define PACKAGE_TARNAME "iftop"
| #define PACKAGE_VERSION "1.0pre4"
| #define PACKAGE_STRING "iftop 1.0pre4"
| #define PACKAGE_BUGREPORT "pdw@ex-parrot.com"
| #define PACKAGE_URL "http://www.ex-parrot.com/pdw/iftop/"
| #define PACKAGE "iftop"
| #define VERSION "1.0pre4"
| #define STDC_HEADERS 1
| #define HAVE_SYS_TYPES_H 1
| #define HAVE_SYS_STAT_H 1
| #define HAVE_STDLIB_H 1
| #define HAVE_STRING_H 1
| #define HAVE_MEMORY_H 1
| #define HAVE_STRINGS_H 1
| #define HAVE_INTTYPES_H 1
| #define HAVE_STDINT_H 1
| #define HAVE_UNISTD_H 1
| #define HAVE_SGTTY_H 1
| #define HAVE_SYS_IOCTL_H 1
| #define HAVE_SYS_TIME_H 1
| #define HAVE_TERMIO_H 1
| #define HAVE_TERMIOS_H 1
| #define HAVE_UNISTD_H 1
| #define TIME_WITH_SYS_TIME 1
| #define HAVE_REGCOMP 1
| #define HAVE_SELECT 1
| #define HAVE_STRDUP 1
| #define HAVE_STRERROR 1
| #define HAVE_STRSPN 1
| #define HAVE_INET_ATON 1
| #define HAVE_INET_PTON 1
| /* end confdefs.h.  */
| 
| #include <sys/types.h>
| #include <stdio.h>
| int main() {
|     u_int32_t dummy;
|     FILE *f=fopen("conftestval", "w");
|     if (!f) exit(1);
|     fprintf(f, "%d\n", sizeof(X));
|     exit(0);
| }
| 
configure:5078: result: unknown type
configure:5110: checking for stdint.h
configure:5110: result: yes
configure:5233: checking for library containing getnameinfo
configure:5264: gcc -o conftest -g -O2   conftest.c -lm  >&5
configure:5264: $? = 0
configure:5281: result: none required
configure:5302: checking for library containing gethostbyaddr_r
configure:5333: gcc -o conftest -g -O2   conftest.c -lm  >&5
configure:5333: $? = 0
configure:5350: result: none required
configure:5366: checking how to call gethostbyaddr_r
configure:5372: gcc -o conftest -g -O2   conftest.c -lm  >&5
conftest.c: In function 'main':
conftest.c:66:66: warning: passing argument 7 of 'gethostbyaddr_r' from incompatible pointer type [-Wincompatible-pointer-types]
   66 |                                  AF_INET, &hostbuf, buf, buflen, &herr))
      |                                                                  ^~~~~
      |                                                                  |
      |                                                                  int *
In file included from conftest.c:51:
/usr/include/netdb.h:174:36: note: expected 'struct hostent ** restrict' but argument is of type 'int *'
  174 |        struct hostent **__restrict __result,
      |        ~~~~~~~~~~~~~~~~~~~~~~~~~~~~^~~~~~~~
conftest.c:65:18: error: too few arguments to function 'gethostbyaddr_r'
   65 |     while ((hp = gethostbyaddr_r((char*)&localhost, sizeof(struct in_addr),
      |                  ^~~~~~~~~~~~~~~
In file included from conftest.c:51:
/usr/include/netdb.h:170:12: note: declared here
  170 | extern int gethostbyaddr_r (const void *__restrict __addr, __socklen_t __len,
      |            ^~~~~~~~~~~~~~~
configure:5372: $? = 1
configure: failed program was:
| /* confdefs.h */
| #define PACKAGE_NAME "iftop"
| #define PACKAGE_TARNAME "iftop"
| #define PACKAGE_VERSION "1.0pre4"
| #define PACKAGE_STRING "iftop 1.0pre4"
| #define PACKAGE_BUGREPORT "pdw@ex-parrot.com"
| #define PACKAGE_URL "http://www.ex-parrot.com/pdw/iftop/"
| #define PACKAGE "iftop"
| #define VERSION "1.0pre4"
| #define STDC_HEADERS 1
| #define HAVE_SYS_TYPES_H 1
| #define HAVE_SYS_STAT_H 1
| #define HAVE_STDLIB_H 1
| #define HAVE_STRING_H 1
| #define HAVE_MEMORY_H 1
| #define HAVE_STRINGS_H 1
| #define HAVE_INTTYPES_H 1
| #define HAVE_STDINT_H 1
| #define HAVE_UNISTD_H 1
| #define HAVE_SGTTY_H 1
| #define HAVE_SYS_IOCTL_H 1
| #define HAVE_SYS_TIME_H 1
| #define HAVE_TERMIO_H 1
| #define HAVE_TERMIOS_H 1
| #define HAVE_UNISTD_H 1
| #define TIME_WITH_SYS_TIME 1
| #define HAVE_REGCOMP 1
| #define HAVE_SELECT 1
| #define HAVE_STRDUP 1
| #define HAVE_STRERROR 1
| #define HAVE_STRSPN 1
| #define HAVE_INET_ATON 1
| #define HAVE_INET_PTON 1
| #define SIZEOF_U_INT8_T 0
| #define SIZEOF_U_INT16_T 0
| #define SIZEOF_U_INT32_T 0
| #define HAVE_STDINT_H 1
| #define HAVE_C99_INTS 1
| /* end confdefs.h.  */
| /*
|  * hostentp_ghba_r.c:
|  * Test program to see whether gethostbyaddr_r takes 7 arguments and returns
|  * struct hostent*. 
|  */
| 
| static const char rcsid[] = "$Id: hostentp_ghba_r.c,v 1.1 2002/11/04 12:27:35 chris Exp $";
| 
| #include <sys/types.h>
| 
| #include <errno.h>
| #include <netdb.h>
| #include <stdio.h>
| #include <stdlib.h>
| #include <netinet/in.h>
| 
| int main(void) {
|     struct in_addr localhost;
|     struct hostent hostbuf, *hp;
|     char *buf;
|     int herr;
|     size_t buflen = 1024;
|     
|     localhost.s_addr = htonl(INADDR_LOOPBACK);
|     buf = malloc(buflen);
|     while ((hp = gethostbyaddr_r((char*)&localhost, sizeof(struct in_addr),
|                                  AF_INET, &hostbuf, buf, buflen, &herr))
|                     == NULL
|            && errno == ERANGE)
|         buf = (char*)realloc(buf, buflen *= 2);
|         
|     /* We assume that the loopback address can always be resolved if
|      * gethostbyaddr_r is actually working. */
|     if (hp == NULL) {
|         fprintf(stderr, "errno = %d, herr = %d\n", errno, herr);
|         return -1;
|     } else
|         return 0;
| }
configure:5385: gcc -o conftest -g -O2   conftest.c -lm  >&5
configure:5385: $? = 0
configure:5386: result: 8 args, int return
configure:5414: checking gethostbyaddr_r usability
configure:5424: gcc -o conftest -g -O2   conftest.c -lm  >&5
configure:5424: $? = 0
configure:5424: ./conftest
configure:5424: $? = 0
configure:5425: result: yes
configure:5605: checking where to find pcap.h
configure:5620: gcc -E  conftest.c
configure:5620: $? = 0
configure:5622: result: /include
configure:5644: checking for pcap_open_live in -lpcap
configure:5669: gcc -o conftest -g -O2   conftest.c -lpcap  -lm  >&5
configure:5669: $? = 0
configure:5678: result: yes
configure:5700: checking pcap.h usability
configure:5700: gcc -c -g -O2  conftest.c >&5
configure:5700: $? = 0
configure:5700: result: yes
configure:5700: checking pcap.h presence
configure:5700: gcc -E  conftest.c
configure:5700: $? = 0
configure:5700: result: yes
configure:5700: checking for pcap.h
configure:5700: result: yes
configure:5720: checking for a curses library containing mvchgat
configure:5740: gcc -o conftest -g -O2   conftest.c -lpcap -lm  -lncursesw >&5
conftest.c:45:10: fatal error: ncursesw.h: No such file or directory
   45 | #include <ncursesw.h>
      |          ^~~~~~~~~~~~
compilation terminated.
configure:5740: $? = 1
configure: failed program was:
| /* confdefs.h */
| #define PACKAGE_NAME "iftop"
| #define PACKAGE_TARNAME "iftop"
| #define PACKAGE_VERSION "1.0pre4"
| #define PACKAGE_STRING "iftop 1.0pre4"
| #define PACKAGE_BUGREPORT "pdw@ex-parrot.com"
| #define PACKAGE_URL "http://www.ex-parrot.com/pdw/iftop/"
| #define PACKAGE "iftop"
| #define VERSION "1.0pre4"
| #define STDC_HEADERS 1
| #define HAVE_SYS_TYPES_H 1
| #define HAVE_SYS_STAT_H 1
| #define HAVE_STDLIB_H 1
| #define HAVE_STRING_H 1
| #define HAVE_MEMORY_H 1
| #define HAVE_STRINGS_H 1
| #define HAVE_INTTYPES_H 1
| #define HAVE_STDINT_H 1
| #define HAVE_UNISTD_H 1
| #define HAVE_SGTTY_H 1
| #define HAVE_SYS_IOCTL_H 1
| #define HAVE_SYS_TIME_H 1
| #define HAVE_TERMIO_H 1
| #define HAVE_TERMIOS_H 1
| #define HAVE_UNISTD_H 1
| #define TIME_WITH_SYS_TIME 1
| #define HAVE_REGCOMP 1
| #define HAVE_SELECT 1
| #define HAVE_STRDUP 1
| #define HAVE_STRERROR 1
| #define HAVE_STRSPN 1
| #define HAVE_INET_ATON 1
| #define HAVE_INET_PTON 1
| #define SIZEOF_U_INT8_T 0
| #define SIZEOF_U_INT16_T 0
| #define SIZEOF_U_INT32_T 0
| #define HAVE_STDINT_H 1
| #define HAVE_C99_INTS 1
| #define GETHOSTBYADDR_R_RETURNS_INT 1
| #define USE_GETHOSTBYADDR_R 1
| #define HAVE_LIBPCAP 1
| #define HAVE_PCAP_H 1
| /* end confdefs.h.  */
| 
| #include <ncursesw.h>
| 
| int
| main ()
| {
| 
|         mvchgat(0, 0, 1, A_REVERSE, 0, NULL)
| 
|   ;
|   return 0;
| }
configure:5740: gcc -o conftest -g -O2   conftest.c -lpcap -lm  -lcurses >&5
configure:5740: $? = 0
configure:5757: result: -lcurses
configure:5763: checking POSIX threads compilation
configure:5776: gcc -o conftest -g -O2    conftest.c -lpcap -lm  -lcurses  >&5
/usr/bin/ld: /tmp/ccTrach9.o: in function `worker_thread':
/root/iftop-1.0pre4/conftest.c:72: undefined reference to `pthread_testcancel'
/usr/bin/ld: /tmp/ccTrach9.o: in function `main':
/root/iftop-1.0pre4/conftest.c:85: undefined reference to `pthread_create'
/usr/bin/ld: /root/iftop-1.0pre4/conftest.c:101: undefined reference to `pthread_cancel'
/usr/bin/ld: /root/iftop-1.0pre4/conftest.c:102: undefined reference to `pthread_join'
collect2: error: ld returned 1 exit status
configure:5776: $? = 1
configure: failed program was:
| /* confdefs.h */
| #define PACKAGE_NAME "iftop"
| #define PACKAGE_TARNAME "iftop"
| #define PACKAGE_VERSION "1.0pre4"
| #define PACKAGE_STRING "iftop 1.0pre4"
| #define PACKAGE_BUGREPORT "pdw@ex-parrot.com"
| #define PACKAGE_URL "http://www.ex-parrot.com/pdw/iftop/"
| #define PACKAGE "iftop"
| #define VERSION "1.0pre4"
| #define STDC_HEADERS 1
| #define HAVE_SYS_TYPES_H 1
| #define HAVE_SYS_STAT_H 1
| #define HAVE_STDLIB_H 1
| #define HAVE_STRING_H 1
| #define HAVE_MEMORY_H 1
| #define HAVE_STRINGS_H 1
| #define HAVE_INTTYPES_H 1
| #define HAVE_STDINT_H 1
| #define HAVE_UNISTD_H 1
| #define HAVE_SGTTY_H 1
| #define HAVE_SYS_IOCTL_H 1
| #define HAVE_SYS_TIME_H 1
| #define HAVE_TERMIO_H 1
| #define HAVE_TERMIOS_H 1
| #define HAVE_UNISTD_H 1
| #define TIME_WITH_SYS_TIME 1
| #define HAVE_REGCOMP 1
| #define HAVE_SELECT 1
| #define HAVE_STRDUP 1
| #define HAVE_STRERROR 1
| #define HAVE_STRSPN 1
| #define HAVE_INET_ATON 1
| #define HAVE_INET_PTON 1
| #define SIZEOF_U_INT8_T 0
| #define SIZEOF_U_INT16_T 0
| #define SIZEOF_U_INT32_T 0
| #define HAVE_STDINT_H 1
| #define HAVE_C99_INTS 1
| #define GETHOSTBYADDR_R_RETURNS_INT 1
| #define USE_GETHOSTBYADDR_R 1
| #define HAVE_LIBPCAP 1
| #define HAVE_PCAP_H 1
| /* end confdefs.h.  */
| /*
|  * pthread.c:
|  * Tiny test program to see whether POSIX threads work.
|  */
| 
| static const char rcsid[] = "$Id: pthread.c,v 1.4 2005/10/26 22:56:05 chris Exp $";
| 
| #include <sys/types.h>
| 
| #include <errno.h>
| #include <pthread.h>
| #include <stdio.h>
| #include <string.h>
| #include <time.h>
| #include <unistd.h>
| 
| static pthread_mutex_t mtx = PTHREAD_MUTEX_INITIALIZER;
| static pthread_cond_t cond = PTHREAD_COND_INITIALIZER;
| static int return_value = -1;
| 
| void *worker_thread(void *v) {
|     /* Record successful return and signal parent to wake up. */
|     return_value = 0;
|     pthread_mutex_lock(&mtx);
|     pthread_cond_signal(&cond);
|     pthread_mutex_unlock(&mtx);
|     while (1) {
|         sleep(1);
|         pthread_testcancel();
|     }
| }
| 
| /* Start a thread, and have it set a variable to some other value, then signal
|  * a condition variable. If this doesn't happen within some set time, we assume
|  * that something's gone badly wrong and abort (for instance, the thread never
|  * got started). */
| int main(void) {
|     pthread_t thr;
|     int res;
|     struct timespec deadline = {0};
|     if ((res = pthread_mutex_lock(&mtx)) != 0
|         || (res = pthread_create(&thr, NULL, worker_thread, NULL)) != 0) {
|         fprintf(stderr, "%s\n", strerror(res));
|         return -1;
|     }
| 
|     /* Thread should now be running; we should wait on the condition
|      * variable. */
|     do
|         deadline.tv_sec = 2 + time(NULL);
|     while ((res = pthread_cond_timedwait(&cond, &mtx, &deadline)) == EINTR);
|     
|     if (res != 0) {
|         fprintf(stderr, "%s\n", strerror(res));
|         return -1;
|     }
| 
|     if ((res = pthread_cancel(thr)) != 0
|         || (res = pthread_join(thr, NULL)) != 0) {
|         fprintf(stderr, "%s\n", strerror(res));
|         return -1;
|     }
|     
|     return return_value;
| }
configure:5776: gcc -o conftest -g -O2    conftest.c -lpcap -lm  -lcurses -lpthread >&5
configure:5776: $? = 0
configure:5799: result: CFLAGS= and LIBS=-lpthread
configure:5801: checking POSIX threads usability
configure:5811: gcc -o conftest -g -O2    conftest.c -lpcap -lm  -lcurses -lpthread >&5
configure:5811: $? = 0
configure:5811: ./conftest
configure:5811: $? = 0
configure:5812: result: yes
configure:5823: checking if we need to enable promiscuous mode by default
configure:5838: result: no
configure:5953: checking that generated files are newer than configure
configure:5959: result: done
configure:5982: creating ./config.status

## ---------------------- ##
## Running config.status. ##
## ---------------------- ##

This file was extended by iftop config.status 1.0pre4, which was
generated by GNU Autoconf 2.69.  Invocation command line was

  CONFIG_FILES    = 
  CONFIG_HEADERS  = 
  CONFIG_LINKS    = 
  CONFIG_COMMANDS = 
  $ ./config.status 

on quic-test-0001

config.status:887: creating Makefile
config.status:887: creating config/Makefile
config.status:887: creating config.h
config.status:1116: executing depfiles commands
config.status:1193: cd .       && sed -e '/# am--include-marker/d' Makefile         | make -f - am--depfiles
config.status:1198: $? = 0
configure:7320: WARNING:
******************************************************************************

This is a pre-release version.  Pre-releases are subject to limited
announcements, and therefore limited circulation, as a means of testing
the more widely circulated final releases.

Please do not be surprised if this release is broken, and if it is broken, do
not assume that someone else has spotted it.  Instead, please drop a note on
the mailing list, or a brief email to me on pdw@ex-parrot.com

Thank you for taking the time to be the testing phase of this development
process.

Paul Warren

******************************************************************************


## ---------------- ##
## Cache variables. ##
## ---------------- ##

ac_cv_build=x86_64-unknown-linux-gnu
ac_cv_c_compiler_gnu=yes
ac_cv_c_const=yes
ac_cv_env_CC_set=
ac_cv_env_CC_value=
ac_cv_env_CFLAGS_set=
ac_cv_env_CFLAGS_value=
ac_cv_env_CPPFLAGS_set=
ac_cv_env_CPPFLAGS_value=
ac_cv_env_CPP_set=
ac_cv_env_CPP_value=
ac_cv_env_LDFLAGS_set=
ac_cv_env_LDFLAGS_value=
ac_cv_env_LIBS_set=
ac_cv_env_LIBS_value=
ac_cv_env_build_alias_set=
ac_cv_env_build_alias_value=
ac_cv_env_host_alias_set=
ac_cv_env_host_alias_value=
ac_cv_env_target_alias_set=
ac_cv_env_target_alias_value=
ac_cv_func_gethostbyname=yes
ac_cv_func_inet_aton=yes
ac_cv_func_inet_pton=yes
ac_cv_func_regcomp=yes
ac_cv_func_select=yes
ac_cv_func_strdup=yes
ac_cv_func_strerror=yes
ac_cv_func_strspn=yes
ac_cv_header_inttypes_h=yes
ac_cv_header_memory_h=yes
ac_cv_header_pcap_h=yes
ac_cv_header_sgtty_h=yes
ac_cv_header_stdc=yes
ac_cv_header_stdint_h=yes
ac_cv_header_stdlib_h=yes
ac_cv_header_string_h=yes
ac_cv_header_strings_h=yes
ac_cv_header_sys_dlpi_h=no
ac_cv_header_sys_ioctl_h=yes
ac_cv_header_sys_sockio_h=no
ac_cv_header_sys_stat_h=yes
ac_cv_header_sys_time_h=yes
ac_cv_header_sys_types_h=yes
ac_cv_header_termio_h=yes
ac_cv_header_termios_h=yes
ac_cv_header_time=yes
ac_cv_header_unistd_h=yes
ac_cv_host=x86_64-unknown-linux-gnu
ac_cv_lib_pcap_pcap_open_live=yes
ac_cv_objext=o
ac_cv_path_EGREP='/usr/bin/grep -E'
ac_cv_path_GREP=/usr/bin/grep
ac_cv_path_install='/usr/bin/install -c'
ac_cv_path_mkdir=/usr/bin/mkdir
ac_cv_prog_AWK=gawk
ac_cv_prog_CPP='gcc -E'
ac_cv_prog_ac_ct_CC=gcc
ac_cv_prog_cc_c89=
ac_cv_prog_cc_g=yes
ac_cv_prog_make_make_set=yes
ac_cv_search_gethostbyaddr_r='none required'
ac_cv_search_getnameinfo='none required'
ac_cv_search_inet_aton='none required'
ac_cv_search_inet_pton='none required'
ac_cv_search_log=-lm
ac_cv_search_socket='none required'
ac_cv_target=x86_64-unknown-linux-gnu
ac_cv_type_size_t=yes
am_cv_CC_dependencies_compiler_type=gcc3
am_cv_make_support_nested_variables=yes
am_cv_prog_cc_c_o=yes

## ----------------- ##
## Output variables. ##
## ----------------- ##

ACLOCAL='${SHELL} /root/iftop-1.0pre4/config/missing aclocal-1.16'
AMDEPBACKSLASH='\'
AMDEP_FALSE='#'
AMDEP_TRUE=''
AMTAR='$${TAR-tar}'
AM_BACKSLASH='\'
AM_DEFAULT_V='$(AM_DEFAULT_VERBOSITY)'
AM_DEFAULT_VERBOSITY='1'
AM_V='$(V)'
AUTOCONF='${SHELL} /root/iftop-1.0pre4/config/missing autoconf'
AUTOHEADER='${SHELL} /root/iftop-1.0pre4/config/missing autoheader'
AUTOMAKE='${SHELL} /root/iftop-1.0pre4/config/missing automake-1.16'
AWK='gawk'
CC='gcc'
CCDEPMODE='depmode=gcc3'
CFLAGS='-g -O2 '
CPP='gcc -E'
CPPFLAGS=''
CYGPATH_W='echo'
DEFS='-DHAVE_CONFIG_H'
DEPDIR='.deps'
ECHO_C=''
ECHO_N='-n'
ECHO_T=''
EGREP='/usr/bin/grep -E'
EXEEXT=''
GREP='/usr/bin/grep'
INSTALL_DATA='${INSTALL} -m 644'
INSTALL_PROGRAM='${INSTALL}'
INSTALL_SCRIPT='${INSTALL}'
INSTALL_STRIP_PROGRAM='$(install_sh) -c -s'
LDFLAGS=''
LIBOBJS=''
LIBS='-lpcap -lm  -lcurses -lpthread'
LTLIBOBJS=''
MAKEINFO='${SHELL} /root/iftop-1.0pre4/config/missing makeinfo'
MKDIR_P='/usr/bin/mkdir -p'
OBJEXT='o'
PACKAGE='iftop'
PACKAGE_BUGREPORT='pdw@ex-parrot.com'
PACKAGE_NAME='iftop'
PACKAGE_STRING='iftop 1.0pre4'
PACKAGE_TARNAME='iftop'
PACKAGE_URL='http://www.ex-parrot.com/pdw/iftop/'
PACKAGE_VERSION='1.0pre4'
PATH_SEPARATOR=':'
SET_MAKE=''
SHELL='/bin/bash'
STRIP=''
VERSION='1.0pre4'
ac_aux_dir='config'
ac_ct_CC='gcc'
am__EXEEXT_FALSE=''
am__EXEEXT_TRUE='#'
am__fastdepCC_FALSE='#'
am__fastdepCC_TRUE=''
am__include='include'
am__isrc=''
am__leading_dot='.'
am__nodep='_no'
am__quote=''
am__tar='$${TAR-tar} chof - "$$tardir"'
am__untar='$${TAR-tar} xf -'
bindir='${exec_prefix}/bin'
build='x86_64-unknown-linux-gnu'
build_alias=''
build_cpu='x86_64'
build_os='linux-gnu'
build_vendor='unknown'
datadir='${datarootdir}'
datarootdir='${prefix}/share'
docdir='${datarootdir}/doc/${PACKAGE_TARNAME}'
dvidir='${docdir}'
exec_prefix='${prefix}'
host='x86_64-unknown-linux-gnu'
host_alias=''
host_cpu='x86_64'
host_os='linux-gnu'
host_vendor='unknown'
htmldir='${docdir}'
includedir='${prefix}/include'
infodir='${datarootdir}/info'
install_sh='${SHELL} /root/iftop-1.0pre4/config/install-sh'
libdir='${exec_prefix}/lib'
libexecdir='${exec_prefix}/libexec'
localedir='${datarootdir}/locale'
localstatedir='${prefix}/var'
mandir='${datarootdir}/man'
mkdir_p='$(MKDIR_P)'
oldincludedir='/usr/include'
pdfdir='${docdir}'
prefix='/usr/local'
program_transform_name='s,x,x,'
psdir='${docdir}'
runstatedir='${localstatedir}/run'
sbindir='${exec_prefix}/sbin'
sharedstatedir='${prefix}/com'
sysconfdir='${prefix}/etc'
target='x86_64-unknown-linux-gnu'
target_alias=''
target_cpu='x86_64'
target_os='linux-gnu'
target_vendor='unknown'

## ----------- ##
## confdefs.h. ##
## ----------- ##

/* confdefs.h */
#define PACKAGE_NAME "iftop"
#define PACKAGE_TARNAME "iftop"
#define PACKAGE_VERSION "1.0pre4"
#define PACKAGE_STRING "iftop 1.0pre4"
#define PACKAGE_BUGREPORT "pdw@ex-parrot.com"
#define PACKAGE_URL "http://www.ex-parrot.com/pdw/iftop/"
#define PACKAGE "iftop"
#define VERSION "1.0pre4"
#define STDC_HEADERS 1
#define HAVE_SYS_TYPES_H 1
#define HAVE_SYS_STAT_H 1
#define HAVE_STDLIB_H 1
#define HAVE_STRING_H 1
#define HAVE_MEMORY_H 1
#define HAVE_STRINGS_H 1
#define HAVE_INTTYPES_H 1
#define HAVE_STDINT_H 1
#define HAVE_UNISTD_H 1
#define HAVE_SGTTY_H 1
#define HAVE_SYS_IOCTL_H 1
#define HAVE_SYS_TIME_H 1
#define HAVE_TERMIO_H 1
#define HAVE_TERMIOS_H 1
#define HAVE_UNISTD_H 1
#define TIME_WITH_SYS_TIME 1
#define HAVE_REGCOMP 1
#define HAVE_SELECT 1
#define HAVE_STRDUP 1
#define HAVE_STRERROR 1
#define HAVE_STRSPN 1
#define HAVE_INET_ATON 1
#define HAVE_INET_PTON 1
#define SIZEOF_U_INT8_T 0
#define SIZEOF_U_INT16_T 0
#define SIZEOF_U_INT32_T 0
#define HAVE_STDINT_H 1
#define HAVE_C99_INTS 1
#define GETHOSTBYADDR_R_RETURNS_INT 1
#define USE_GETHOSTBYADDR_R 1
#define HAVE_LIBPCAP 1
#define HAVE_PCAP_H 1

configure: exit 0

## ---------------------- ##
## Running config.status. ##
## ---------------------- ##

This file was extended by iftop config.status 1.0pre4, which was
generated by GNU Autoconf 2.69.  Invocation command line was

  CONFIG_FILES    = 
  CONFIG_HEADERS  = 
  CONFIG_LINKS    = 
  CONFIG_COMMANDS = 
  $ ./config.status config.h

on quic-test-0001

config.status:887: creating config.h
config.status:1068: config.h is unchanged
